INFO: 02-27 18:37:59: subset_backdoor_main.py:450 * 123413138462528 X_train: (100187, 10000), X_test: (49347, 10000)
INFO: 02-27 18:37:59: subset_backdoor_main.py:451 * 123413138462528 y_train: (100187,), y_test: (49347,)
INFO: 02-27 18:37:59: subset_backdoor_main.py:450 * 139412187019072 X_train: (100187, 10000), X_test: (49347, 10000)
INFO: 02-27 18:37:59: subset_backdoor_main.py:451 * 139412187019072 y_train: (100187,), y_test: (49347,)
INFO: 02-27 18:37:59: subset_backdoor_main.py:452 * 123413138462528 y_train: Counter({0: 90288, 1: 9899}), y_test: Counter({0: 44471, 1: 4876})
INFO: 02-27 18:37:59: subset_backdoor_main.py:452 * 139412187019072 y_train: Counter({0: 90288, 1: 9899}), y_test: Counter({0: 44471, 1: 4876})
INFO: 02-27 18:37:59: subset_backdoor_main.py:450 * 140715678869312 X_train: (100187, 10000), X_test: (49347, 10000)
INFO: 02-27 18:37:59: subset_backdoor_main.py:451 * 140715678869312 y_train: (100187,), y_test: (49347,)
INFO: 02-27 18:37:59: subset_backdoor_main.py:452 * 140715678869312 y_train: Counter({0: 90288, 1: 9899}), y_test: Counter({0: 44471, 1: 4876})
INFO: 02-27 18:37:59: subset_backdoor_main.py:450 * 140231538767680 X_train: (100187, 10000), X_test: (49347, 10000)
INFO: 02-27 18:37:59: subset_backdoor_main.py:451 * 140231538767680 y_train: (100187,), y_test: (49347,)
INFO: 02-27 18:38:00: subset_backdoor_main.py:452 * 140231538767680 y_train: Counter({0: 90288, 1: 9899}), y_test: Counter({0: 44471, 1: 4876})
INFO: 02-27 18:38:00: subset_backdoor_main.py:450 * 132762842191680 X_train: (100187, 10000), X_test: (49347, 10000)
INFO: 02-27 18:38:00: subset_backdoor_main.py:451 * 132762842191680 y_train: (100187,), y_test: (49347,)
INFO: 02-27 18:38:00: subset_backdoor_main.py:452 * 132762842191680 y_train: Counter({0: 90288, 1: 9899}), y_test: Counter({0: 44471, 1: 4876})
INFO: 02-27 18:38:00: subset_backdoor_main.py:450 * 126969121691456 X_train: (100187, 10000), X_test: (49347, 10000)
INFO: 02-27 18:38:00: subset_backdoor_main.py:451 * 126969121691456 y_train: (100187,), y_test: (49347,)
INFO: 02-27 18:38:00: subset_backdoor_main.py:452 * 126969121691456 y_train: Counter({0: 90288, 1: 9899}), y_test: Counter({0: 44471, 1: 4876})
INFO: 02-27 18:38:00: subset_backdoor_main.py:450 * 131187383445312 X_train: (100187, 10000), X_test: (49347, 10000)
INFO: 02-27 18:38:00: subset_backdoor_main.py:451 * 131187383445312 y_train: (100187,), y_test: (49347,)
INFO: 02-27 18:38:00: subset_backdoor_main.py:335 * 123413138462528 subset size: 222
INFO: 02-27 18:38:00: subset_backdoor_main.py:335 * 139412187019072 subset size: 117
INFO: 02-27 18:38:00: subset_backdoor_main.py:452 * 131187383445312 y_train: Counter({0: 90288, 1: 9899}), y_test: Counter({0: 44471, 1: 4876})
INFO: 02-27 18:38:00: subset_backdoor_main.py:335 * 140715678869312 subset size: 57
INFO: 02-27 18:38:00: subset_backdoor_main.py:335 * 140231538767680 subset size: 192
INFO: 02-27 18:38:00: subset_backdoor_main.py:450 * 135929123768128 X_train: (100187, 10000), X_test: (49347, 10000)
INFO: 02-27 18:38:00: subset_backdoor_main.py:451 * 135929123768128 y_train: (100187,), y_test: (49347,)
INFO: 02-27 18:38:01: subset_backdoor_main.py:452 * 135929123768128 y_train: Counter({0: 90288, 1: 9899}), y_test: Counter({0: 44471, 1: 4876})
INFO: 02-27 18:38:01: subset_backdoor_main.py:335 * 132762842191680 subset size: 72
INFO: 02-27 18:38:01: subset_backdoor_main.py:335 * 126969121691456 subset size: 70
INFO: 02-27 18:38:01: subset_backdoor_main.py:335 * 135929123768128 subset size: 2897
INFO: 02-27 18:38:02: subset_backdoor_main.py:335 * 131187383445312 subset size: 157
INFO: 02-27 18:38:03: subset_backdoor_main.py:361 * 140715678869312 X_subset: (57, 10000), type: <class 'scipy.sparse.csr.csr_matrix'>
INFO: 02-27 18:38:05: subset_backdoor_main.py:361 * 132762842191680 X_subset: (72, 10000), type: <class 'scipy.sparse.csr.csr_matrix'>
INFO: 02-27 18:38:05: subset_backdoor_main.py:361 * 126969121691456 X_subset: (70, 10000), type: <class 'scipy.sparse.csr.csr_matrix'>
INFO: 02-27 18:38:07: subset_backdoor_main.py:361 * 139412187019072 X_subset: (117, 10000), type: <class 'scipy.sparse.csr.csr_matrix'>
INFO: 02-27 18:38:08: subset_backdoor_main.py:361 * 140231538767680 X_subset: (192, 10000), type: <class 'scipy.sparse.csr.csr_matrix'>
INFO: 02-27 18:38:08: subset_backdoor_main.py:361 * 131187383445312 X_subset: (157, 10000), type: <class 'scipy.sparse.csr.csr_matrix'>
INFO: 02-27 18:38:09: subset_backdoor_main.py:361 * 123413138462528 X_subset: (222, 10000), type: <class 'scipy.sparse.csr.csr_matrix'>
DEBUG: 02-27 18:38:23: models.py:242 * 128974166816576 Loading model from models/apg/mlp/mlp_10000-1024-1_lr0.001_b128_e30_d0.2_r42.p...
DEBUG: 02-27 18:38:23: models.py:242 * 131478038644544 Loading model from models/apg/mlp/mlp_10000-1024-1_lr0.001_b128_e30_d0.2_r42.p...
DEBUG: 02-27 18:38:23: models.py:242 * 139657235715904 Loading model from models/apg/mlp/mlp_10000-1024-1_lr0.001_b128_e30_d0.2_r42.p...
DEBUG: 02-27 18:38:23: models.py:242 * 123330589980480 Loading model from models/apg/mlp/mlp_10000-1024-1_lr0.001_b128_e30_d0.2_r42.p...
DEBUG: 02-27 18:38:24: models.py:242 * 132325862221632 Loading model from models/apg/mlp/mlp_10000-1024-1_lr0.001_b128_e30_d0.2_r42.p...
DEBUG: 02-27 18:38:24: models.py:242 * 128522746165056 Loading model from models/apg/mlp/mlp_10000-1024-1_lr0.001_b128_e30_d0.2_r42.p...
DEBUG: 02-27 18:38:24: models.py:242 * 134853713327936 Loading model from models/apg/mlp/mlp_10000-1024-1_lr0.001_b128_e30_d0.2_r42.p...
INFO: 02-27 18:38:24: subset_backdoor_main.py:450 * 131478038644544 X_train: (100187, 10000), X_test: (49347, 10000)
INFO: 02-27 18:38:24: subset_backdoor_main.py:451 * 131478038644544 y_train: (100187,), y_test: (49347,)
INFO: 02-27 18:38:24: subset_backdoor_main.py:450 * 128974166816576 X_train: (100187, 10000), X_test: (49347, 10000)
INFO: 02-27 18:38:24: subset_backdoor_main.py:451 * 128974166816576 y_train: (100187,), y_test: (49347,)
INFO: 02-27 18:38:24: subset_backdoor_main.py:452 * 131478038644544 y_train: Counter({0: 90288, 1: 9899}), y_test: Counter({0: 44471, 1: 4876})
INFO: 02-27 18:38:24: subset_backdoor_main.py:452 * 128974166816576 y_train: Counter({0: 90288, 1: 9899}), y_test: Counter({0: 44471, 1: 4876})
INFO: 02-27 18:38:25: subset_backdoor_main.py:335 * 131478038644544 subset size: 192
DEBUG: 02-27 18:38:25: subset_backdoor_main.py:336 * 131478038644544 subset_idx_array first 20: [  711   938  1152  1675  3567  5090  5901  6081  7862 11191 11361 13146
 13235 13322 14235 14828 15442 15886 16077 16493]
DEBUG: 02-27 18:38:25: models.py:242 * 124001867913024 Loading model from models/apg/mlp/mlp_10000-1024-1_lr0.001_b128_e30_d0.2_r42.p...
INFO: 02-27 18:38:25: subset_backdoor_main.py:335 * 128974166816576 subset size: 70
DEBUG: 02-27 18:38:25: subset_backdoor_main.py:336 * 128974166816576 subset_idx_array first 20: [  352  5359 13654 16668 16796 16863 16953 17637 19925 21337 22377 22461
 24868 25291 27364 28577 29214 29467 33292 33468]
INFO: 02-27 18:38:26: subset_backdoor_main.py:450 * 123330589980480 X_train: (100187, 10000), X_test: (49347, 10000)
INFO: 02-27 18:38:26: subset_backdoor_main.py:451 * 123330589980480 y_train: (100187,), y_test: (49347,)
INFO: 02-27 18:38:26: subset_backdoor_main.py:450 * 139657235715904 X_train: (100187, 10000), X_test: (49347, 10000)
INFO: 02-27 18:38:26: subset_backdoor_main.py:451 * 139657235715904 y_train: (100187,), y_test: (49347,)
INFO: 02-27 18:38:26: subset_backdoor_main.py:452 * 139657235715904 y_train: Counter({0: 90288, 1: 9899}), y_test: Counter({0: 44471, 1: 4876})
INFO: 02-27 18:38:26: subset_backdoor_main.py:452 * 123330589980480 y_train: Counter({0: 90288, 1: 9899}), y_test: Counter({0: 44471, 1: 4876})
INFO: 02-27 18:38:26: subset_backdoor_main.py:450 * 134853713327936 X_train: (100187, 10000), X_test: (49347, 10000)
INFO: 02-27 18:38:26: subset_backdoor_main.py:451 * 134853713327936 y_train: (100187,), y_test: (49347,)
INFO: 02-27 18:38:26: subset_backdoor_main.py:452 * 134853713327936 y_train: Counter({0: 90288, 1: 9899}), y_test: Counter({0: 44471, 1: 4876})
INFO: 02-27 18:38:26: subset_backdoor_main.py:450 * 132325862221632 X_train: (100187, 10000), X_test: (49347, 10000)
INFO: 02-27 18:38:26: subset_backdoor_main.py:451 * 132325862221632 y_train: (100187,), y_test: (49347,)
INFO: 02-27 18:38:26: subset_backdoor_main.py:452 * 132325862221632 y_train: Counter({0: 90288, 1: 9899}), y_test: Counter({0: 44471, 1: 4876})
INFO: 02-27 18:38:26: subset_backdoor_main.py:450 * 128522746165056 X_train: (100187, 10000), X_test: (49347, 10000)
INFO: 02-27 18:38:26: subset_backdoor_main.py:451 * 128522746165056 y_train: (100187,), y_test: (49347,)
INFO: 02-27 18:38:26: subset_backdoor_main.py:335 * 134853713327936 subset size: 72
DEBUG: 02-27 18:38:26: subset_backdoor_main.py:336 * 134853713327936 subset_idx_array first 20: [    7    43  2827  3449  3750  9917 12333 12460 15463 15662 16830 18928
 19363 19625 21844 22416 24087 26316 32839 33040]
INFO: 02-27 18:38:26: subset_backdoor_main.py:452 * 128522746165056 y_train: Counter({0: 90288, 1: 9899}), y_test: Counter({0: 44471, 1: 4876})
INFO: 02-27 18:38:27: subset_backdoor_main.py:335 * 139657235715904 subset size: 157
DEBUG: 02-27 18:38:27: subset_backdoor_main.py:336 * 139657235715904 subset_idx_array first 20: [  372  1432  3638  6377  6829  8044  9770 11089 11426 12088 12727 13870
 16413 16483 16990 17529 17767 21465 23595 23999]
INFO: 02-27 18:38:27: subset_backdoor_main.py:335 * 123330589980480 subset size: 2897
DEBUG: 02-27 18:38:27: subset_backdoor_main.py:336 * 123330589980480 subset_idx_array first 20: [ 102  169  171  286  406  435  538  569  589  595  661  682  715  768
  793  987 1001 1019 1107 1117]
INFO: 02-27 18:38:27: subset_backdoor_main.py:450 * 124001867913024 X_train: (100187, 10000), X_test: (49347, 10000)
INFO: 02-27 18:38:27: subset_backdoor_main.py:451 * 124001867913024 y_train: (100187,), y_test: (49347,)
INFO: 02-27 18:38:27: subset_backdoor_main.py:452 * 124001867913024 y_train: Counter({0: 90288, 1: 9899}), y_test: Counter({0: 44471, 1: 4876})
INFO: 02-27 18:38:27: subset_backdoor_main.py:335 * 132325862221632 subset size: 117
DEBUG: 02-27 18:38:27: subset_backdoor_main.py:336 * 132325862221632 subset_idx_array first 20: [  154  1827  4146  6013  7240  8208 10447 11199 20608 21534 22068 22870
 24514 26058 26623 26697 27811 27959 29543 30198]
INFO: 02-27 18:38:28: subset_backdoor_main.py:335 * 124001867913024 subset size: 222
DEBUG: 02-27 18:38:28: subset_backdoor_main.py:336 * 124001867913024 subset_idx_array first 20: [ 664  891 1783 2986 3973 4179 4436 4652 5262 5439 5543 5733 7146 7452
 7614 7710 8894 9275 9316 9450]
INFO: 02-27 18:38:28: subset_backdoor_main.py:335 * 128522746165056 subset size: 57
DEBUG: 02-27 18:38:28: subset_backdoor_main.py:336 * 128522746165056 subset_idx_array first 20: [ 8573 10883 15767 21281 24446 25511 27326 29350 30038 30323 30379 35270
 35652 36621 37036 39068 39338 40862 43975 44627]
DEBUG: 02-27 18:38:31: subset_backdoor_main.py:356 * 128522746165056 subset_train_idxs first 20 (maybe < 20): [31654, 25805, 2431, 14870, 43448, 72040, 4119, 4876, 49884, 13393, 58717, 23786, 68655, 83140, 32691, 64643, 4352, 1495, 47262, 94023]
DEBUG: 02-27 18:38:31: subset_backdoor_main.py:357 * 128522746165056 subset_test_idxs first 20 (maybe < 20): [2381, 24652, 28162, 33242, 3820, 25949, 24918, 44519, 2478, 33926, 24445, 29574, 15140, 25119, 48317, 22483, 27884, 15533]
INFO: 02-27 18:38:31: subset_backdoor_main.py:361 * 128522746165056 X_subset: (57, 10000), type: <class 'scipy.sparse.csr.csr_matrix'>
DEBUG: 02-27 18:38:31: subset_backdoor_main.py:356 * 128974166816576 subset_train_idxs first 20 (maybe < 20): [16959, 18546, 62081, 56576, 76310, 90522, 2456, 28510, 84573, 3843, 14601, 52752, 13366, 26011, 8337, 43135, 77964, 44957, 81896, 75543]
DEBUG: 02-27 18:38:31: subset_backdoor_main.py:357 * 128974166816576 subset_test_idxs first 20 (maybe < 20): [36366, 6383, 21955, 27513, 24221, 2517, 42881, 5903, 25278, 37119, 34549, 16884, 10851, 23596, 18034, 14717, 42437, 45330, 6069, 18258]
DEBUG: 02-27 18:38:31: subset_backdoor_main.py:364 * 128522746165056 no. of samples of subset in training: 39, from testing: 18
INFO: 02-27 18:38:31: subset_backdoor_main.py:361 * 128974166816576 X_subset: (70, 10000), type: <class 'scipy.sparse.csr.csr_matrix'>
DEBUG: 02-27 18:38:31: attrs.py:77 * 128522746165056 Creating converter from 3 to 5
DEBUG: 02-27 18:38:32: subset_backdoor_main.py:356 * 134853713327936 subset_train_idxs first 20 (maybe < 20): [82273, 40187, 68217, 67410, 87711, 77341, 36278, 17737, 61213, 13446, 87755, 20582, 25683, 15396, 15539, 4020, 98924, 65096, 95683, 60591]
DEBUG: 02-27 18:38:32: subset_backdoor_main.py:357 * 134853713327936 subset_test_idxs first 20 (maybe < 20): [46150, 17361, 32504, 15396, 27767, 25593, 932, 13887, 11731, 18302, 21333, 43163, 18545, 15956, 41125, 2364, 42597, 28324, 1367, 43479]
INFO: 02-27 18:38:32: subset_backdoor_main.py:361 * 134853713327936 X_subset: (72, 10000), type: <class 'scipy.sparse.csr.csr_matrix'>
DEBUG: 02-27 18:38:32: subset_backdoor_main.py:364 * 128974166816576 no. of samples of subset in training: 49, from testing: 21
DEBUG: 02-27 18:38:32: attrs.py:77 * 128974166816576 Creating converter from 3 to 5
DEBUG: 02-27 18:38:32: subset_backdoor_main.py:364 * 134853713327936 no. of samples of subset in training: 46, from testing: 26
DEBUG: 02-27 18:38:32: attrs.py:77 * 134853713327936 Creating converter from 3 to 5
DEBUG: 02-27 18:38:35: subset_backdoor_main.py:356 * 139657235715904 subset_train_idxs first 20 (maybe < 20): [53973, 54495, 84749, 26311, 85697, 94322, 2399, 82118, 13103, 59348, 38972, 80998, 35729, 6734, 9728, 1909, 82639, 77026, 63386, 25379]
DEBUG: 02-27 18:38:35: subset_backdoor_main.py:357 * 139657235715904 subset_test_idxs first 20 (maybe < 20): [48837, 18453, 9164, 29728, 16726, 40662, 48583, 8906, 10490, 14140, 13191, 27895, 32410, 26299, 29958, 30057, 36653, 42656, 18970, 24529]
INFO: 02-27 18:38:35: subset_backdoor_main.py:361 * 139657235715904 X_subset: (157, 10000), type: <class 'scipy.sparse.csr.csr_matrix'>
DEBUG: 02-27 18:38:36: subset_backdoor_main.py:364 * 139657235715904 no. of samples of subset in training: 101, from testing: 56
DEBUG: 02-27 18:38:36: attrs.py:77 * 139657235715904 Creating converter from 3 to 5
DEBUG: 02-27 18:38:36: subset_backdoor_main.py:356 * 131478038644544 subset_train_idxs first 20 (maybe < 20): [95901, 33099, 28323, 8347, 86333, 22894, 23761, 70677, 16651, 51239, 69073, 45430, 197, 83141, 51777, 67938, 81343, 47962, 41179, 79809]
DEBUG: 02-27 18:38:36: subset_backdoor_main.py:357 * 131478038644544 subset_test_idxs first 20 (maybe < 20): [21503, 3578, 26640, 28127, 43309, 16495, 23912, 33512, 11804, 31093, 40225, 45681, 43563, 24211, 46556, 30677, 270, 14353, 11312, 33775]
INFO: 02-27 18:38:36: subset_backdoor_main.py:361 * 131478038644544 X_subset: (192, 10000), type: <class 'scipy.sparse.csr.csr_matrix'>
DEBUG: 02-27 18:38:36: subset_backdoor_main.py:356 * 132325862221632 subset_train_idxs first 20 (maybe < 20): [75790, 708, 7663, 24958, 96614, 27449, 47697, 68548, 51266, 45998, 74535, 63125, 46557, 27305, 39180, 72149, 15071, 50274, 89860, 20156]
DEBUG: 02-27 18:38:36: subset_backdoor_main.py:357 * 132325862221632 subset_test_idxs first 20 (maybe < 20): [35154, 31335, 2953, 48817, 41698, 39189, 49028, 29587, 25843, 22341, 24695, 10795, 48974, 14204, 43161, 24577, 9574, 19486, 27383, 44142]
INFO: 02-27 18:38:36: subset_backdoor_main.py:361 * 132325862221632 X_subset: (117, 10000), type: <class 'scipy.sparse.csr.csr_matrix'>
DEBUG: 02-27 18:38:36: subset_backdoor_main.py:364 * 131478038644544 no. of samples of subset in training: 135, from testing: 57
DEBUG: 02-27 18:38:36: attrs.py:77 * 131478038644544 Creating converter from 3 to 5
DEBUG: 02-27 18:38:37: subset_backdoor_main.py:364 * 132325862221632 no. of samples of subset in training: 80, from testing: 37
DEBUG: 02-27 18:38:37: attrs.py:77 * 132325862221632 Creating converter from 3 to 5
DEBUG: 02-27 18:38:40: subset_backdoor_main.py:356 * 124001867913024 subset_train_idxs first 20 (maybe < 20): [2792, 41932, 78863, 70592, 948, 79245, 25121, 69083, 36998, 96465, 80830, 36955, 61249, 40959, 34175, 35806, 7921, 70097, 97915, 36139]
DEBUG: 02-27 18:38:40: subset_backdoor_main.py:357 * 124001867913024 subset_test_idxs first 20 (maybe < 20): [13155, 29365, 35548, 27221, 46575, 44856, 29389, 1750, 8585, 48892, 12692, 47871, 48976, 2207, 17112, 13688, 48727, 49027, 19697, 15134]
INFO: 02-27 18:38:40: subset_backdoor_main.py:361 * 124001867913024 X_subset: (222, 10000), type: <class 'scipy.sparse.csr.csr_matrix'>
DEBUG: 02-27 18:38:41: subset_backdoor_main.py:364 * 124001867913024 no. of samples of subset in training: 152, from testing: 70
DEBUG: 02-27 18:38:41: attrs.py:77 * 124001867913024 Creating converter from 3 to 5
DEBUG: 02-27 18:39:45: models.py:242 * 128354540332864 Loading model from models/apg/mlp/mlp_10000-1024-1_lr0.001_b128_e30_d0.2_r42.p...
DEBUG: 02-27 18:39:45: models.py:242 * 123720679573312 Loading model from models/apg/mlp/mlp_10000-1024-1_lr0.001_b128_e30_d0.2_r42.p...
DEBUG: 02-27 18:39:45: models.py:242 * 137203028727616 Loading model from models/apg/mlp/mlp_10000-1024-1_lr0.001_b128_e30_d0.2_r42.p...
DEBUG: 02-27 18:39:45: models.py:242 * 139677577574208 Loading model from models/apg/mlp/mlp_10000-1024-1_lr0.001_b128_e30_d0.2_r42.p...
DEBUG: 02-27 18:39:46: models.py:242 * 123734336812864 Loading model from models/apg/mlp/mlp_10000-1024-1_lr0.001_b128_e30_d0.2_r42.p...
DEBUG: 02-27 18:39:46: models.py:242 * 125324318885696 Loading model from models/apg/mlp/mlp_10000-1024-1_lr0.001_b128_e30_d0.2_r42.p...
DEBUG: 02-27 18:39:47: models.py:242 * 134703125358400 Loading model from models/apg/mlp/mlp_10000-1024-1_lr0.001_b128_e30_d0.2_r42.p...
DEBUG: 02-27 18:39:47: models.py:242 * 135413512148800 Loading model from models/apg/mlp/mlp_10000-1024-1_lr0.001_b128_e30_d0.2_r42.p...
INFO: 02-27 18:39:47: subset_backdoor_main.py:450 * 137203028727616 X_train: (100187, 10000), X_test: (49347, 10000)
INFO: 02-27 18:39:47: subset_backdoor_main.py:451 * 137203028727616 y_train: (100187,), y_test: (49347,)
INFO: 02-27 18:39:47: subset_backdoor_main.py:452 * 137203028727616 y_train: Counter({0: 90288, 1: 9899}), y_test: Counter({0: 44471, 1: 4876})
INFO: 02-27 18:39:48: subset_backdoor_main.py:450 * 128354540332864 X_train: (100187, 10000), X_test: (49347, 10000)
INFO: 02-27 18:39:48: subset_backdoor_main.py:451 * 128354540332864 y_train: (100187,), y_test: (49347,)
INFO: 02-27 18:39:48: subset_backdoor_main.py:450 * 123734336812864 X_train: (100187, 10000), X_test: (49347, 10000)
INFO: 02-27 18:39:48: subset_backdoor_main.py:451 * 123734336812864 y_train: (100187,), y_test: (49347,)
INFO: 02-27 18:39:48: subset_backdoor_main.py:452 * 128354540332864 y_train: Counter({0: 90288, 1: 9899}), y_test: Counter({0: 44471, 1: 4876})
INFO: 02-27 18:39:48: subset_backdoor_main.py:452 * 123734336812864 y_train: Counter({0: 90288, 1: 9899}), y_test: Counter({0: 44471, 1: 4876})
INFO: 02-27 18:39:48: subset_backdoor_main.py:450 * 139677577574208 X_train: (100187, 10000), X_test: (49347, 10000)
INFO: 02-27 18:39:48: subset_backdoor_main.py:451 * 139677577574208 y_train: (100187,), y_test: (49347,)
INFO: 02-27 18:39:48: subset_backdoor_main.py:450 * 123720679573312 X_train: (100187, 10000), X_test: (49347, 10000)
INFO: 02-27 18:39:48: subset_backdoor_main.py:451 * 123720679573312 y_train: (100187,), y_test: (49347,)
INFO: 02-27 18:39:48: subset_backdoor_main.py:452 * 123720679573312 y_train: Counter({0: 90288, 1: 9899}), y_test: Counter({0: 44471, 1: 4876})
INFO: 02-27 18:39:48: subset_backdoor_main.py:452 * 139677577574208 y_train: Counter({0: 90288, 1: 9899}), y_test: Counter({0: 44471, 1: 4876})
INFO: 02-27 18:39:49: subset_backdoor_main.py:335 * 137203028727616 subset size: 192
DEBUG: 02-27 18:39:49: subset_backdoor_main.py:336 * 137203028727616 subset_idx_array first 20: [  711   938  1152  1675  3567  5090  5901  6081  7862 11191 11361 13146
 13235 13322 14235 14828 15442 15886 16077 16493]
INFO: 02-27 18:39:49: subset_backdoor_main.py:335 * 123734336812864 subset size: 157
DEBUG: 02-27 18:39:49: subset_backdoor_main.py:336 * 123734336812864 subset_idx_array first 20: [  372  1432  3638  6377  6829  8044  9770 11089 11426 12088 12727 13870
 16413 16483 16990 17529 17767 21465 23595 23999]
INFO: 02-27 18:39:49: subset_backdoor_main.py:335 * 128354540332864 subset size: 57
DEBUG: 02-27 18:39:49: subset_backdoor_main.py:336 * 128354540332864 subset_idx_array first 20: [ 8573 10883 15767 21281 24446 25511 27326 29350 30038 30323 30379 35270
 35652 36621 37036 39068 39338 40862 43975 44627]
INFO: 02-27 18:39:50: subset_backdoor_main.py:450 * 135413512148800 X_train: (100187, 10000), X_test: (49347, 10000)
INFO: 02-27 18:39:50: subset_backdoor_main.py:451 * 135413512148800 y_train: (100187,), y_test: (49347,)
INFO: 02-27 18:39:50: subset_backdoor_main.py:335 * 123720679573312 subset size: 70
DEBUG: 02-27 18:39:50: subset_backdoor_main.py:336 * 123720679573312 subset_idx_array first 20: [  352  5359 13654 16668 16796 16863 16953 17637 19925 21337 22377 22461
 24868 25291 27364 28577 29214 29467 33292 33468]
INFO: 02-27 18:39:50: subset_backdoor_main.py:335 * 139677577574208 subset size: 222
DEBUG: 02-27 18:39:50: subset_backdoor_main.py:336 * 139677577574208 subset_idx_array first 20: [ 664  891 1783 2986 3973 4179 4436 4652 5262 5439 5543 5733 7146 7452
 7614 7710 8894 9275 9316 9450]
INFO: 02-27 18:39:50: subset_backdoor_main.py:452 * 135413512148800 y_train: Counter({0: 90288, 1: 9899}), y_test: Counter({0: 44471, 1: 4876})
INFO: 02-27 18:39:51: subset_backdoor_main.py:335 * 135413512148800 subset size: 72
INFO: 02-27 18:39:51: subset_backdoor_main.py:450 * 125324318885696 X_train: (100187, 10000), X_test: (49347, 10000)
DEBUG: 02-27 18:39:51: subset_backdoor_main.py:336 * 135413512148800 subset_idx_array first 20: [    7    43  2827  3449  3750  9917 12333 12460 15463 15662 16830 18928
 19363 19625 21844 22416 24087 26316 32839 33040]
INFO: 02-27 18:39:51: subset_backdoor_main.py:451 * 125324318885696 y_train: (100187,), y_test: (49347,)
INFO: 02-27 18:39:51: subset_backdoor_main.py:452 * 125324318885696 y_train: Counter({0: 90288, 1: 9899}), y_test: Counter({0: 44471, 1: 4876})
INFO: 02-27 18:39:51: subset_backdoor_main.py:450 * 134703125358400 X_train: (100187, 10000), X_test: (49347, 10000)
INFO: 02-27 18:39:51: subset_backdoor_main.py:451 * 134703125358400 y_train: (100187,), y_test: (49347,)
INFO: 02-27 18:39:51: subset_backdoor_main.py:452 * 134703125358400 y_train: Counter({0: 90288, 1: 9899}), y_test: Counter({0: 44471, 1: 4876})
INFO: 02-27 18:39:52: subset_backdoor_main.py:335 * 125324318885696 subset size: 2897
DEBUG: 02-27 18:39:52: subset_backdoor_main.py:336 * 125324318885696 subset_idx_array first 20: [ 102  169  171  286  406  435  538  569  589  595  661  682  715  768
  793  987 1001 1019 1107 1117]
INFO: 02-27 18:39:53: subset_backdoor_main.py:335 * 134703125358400 subset size: 117
DEBUG: 02-27 18:39:53: subset_backdoor_main.py:336 * 134703125358400 subset_idx_array first 20: [  154  1827  4146  6013  7240  8208 10447 11199 20608 21534 22068 22870
 24514 26058 26623 26697 27811 27959 29543 30198]
DEBUG: 02-27 18:39:53: subset_backdoor_main.py:356 * 128354540332864 subset_train_idxs first 20 (maybe < 20): [31654, 25805, 2431, 14870, 43448, 72040, 4119, 4876, 49884, 13393, 58717, 23786, 68655, 83140, 32691, 64643, 4352, 1495, 47262, 94023]
DEBUG: 02-27 18:39:53: subset_backdoor_main.py:357 * 128354540332864 subset_test_idxs first 20 (maybe < 20): [2381, 24652, 28162, 33242, 3820, 25949, 24918, 44519, 2478, 33926, 24445, 29574, 15140, 25119, 48317, 22483, 27884, 15533]
INFO: 02-27 18:39:53: subset_backdoor_main.py:361 * 128354540332864 X_subset: (57, 10000), type: <class 'scipy.sparse.csr.csr_matrix'>
DEBUG: 02-27 18:39:53: subset_backdoor_main.py:364 * 128354540332864 no. of samples of subset in training: 39, from testing: 18
DEBUG: 02-27 18:39:53: attrs.py:77 * 128354540332864 Creating converter from 3 to 5
DEBUG: 02-27 18:39:56: subset_backdoor_main.py:356 * 135413512148800 subset_train_idxs first 20 (maybe < 20): [82273, 40187, 68217, 67410, 87711, 77341, 36278, 17737, 61213, 13446, 87755, 20582, 25683, 15396, 15539, 4020, 98924, 65096, 95683, 60591]
DEBUG: 02-27 18:39:56: subset_backdoor_main.py:357 * 135413512148800 subset_test_idxs first 20 (maybe < 20): [46150, 17361, 32504, 15396, 27767, 25593, 932, 13887, 11731, 18302, 21333, 43163, 18545, 15956, 41125, 2364, 42597, 28324, 1367, 43479]
INFO: 02-27 18:39:56: subset_backdoor_main.py:361 * 135413512148800 X_subset: (72, 10000), type: <class 'scipy.sparse.csr.csr_matrix'>
DEBUG: 02-27 18:39:56: subset_backdoor_main.py:364 * 135413512148800 no. of samples of subset in training: 46, from testing: 26
DEBUG: 02-27 18:39:56: attrs.py:77 * 135413512148800 Creating converter from 3 to 5
DEBUG: 02-27 18:39:57: subset_backdoor_main.py:356 * 123720679573312 subset_train_idxs first 20 (maybe < 20): [16959, 18546, 62081, 56576, 76310, 90522, 2456, 28510, 84573, 3843, 14601, 52752, 13366, 26011, 8337, 43135, 77964, 44957, 81896, 75543]
DEBUG: 02-27 18:39:57: subset_backdoor_main.py:357 * 123720679573312 subset_test_idxs first 20 (maybe < 20): [36366, 6383, 21955, 27513, 24221, 2517, 42881, 5903, 25278, 37119, 34549, 16884, 10851, 23596, 18034, 14717, 42437, 45330, 6069, 18258]
INFO: 02-27 18:39:57: subset_backdoor_main.py:361 * 123720679573312 X_subset: (70, 10000), type: <class 'scipy.sparse.csr.csr_matrix'>
DEBUG: 02-27 18:39:58: subset_backdoor_main.py:364 * 123720679573312 no. of samples of subset in training: 49, from testing: 21
DEBUG: 02-27 18:39:58: attrs.py:77 * 123720679573312 Creating converter from 3 to 5
INFO: 02-27 18:39:58: subset_backdoor_main.py:361 * 135929123768128 X_subset: (2897, 10000), type: <class 'scipy.sparse.csr.csr_matrix'>
DEBUG: 02-27 18:40:00: subset_backdoor_main.py:356 * 134703125358400 subset_train_idxs first 20 (maybe < 20): [75790, 708, 7663, 24958, 96614, 27449, 47697, 68548, 51266, 45998, 74535, 63125, 46557, 27305, 39180, 72149, 15071, 50274, 89860, 20156]
DEBUG: 02-27 18:40:00: subset_backdoor_main.py:357 * 134703125358400 subset_test_idxs first 20 (maybe < 20): [35154, 31335, 2953, 48817, 41698, 39189, 49028, 29587, 25843, 22341, 24695, 10795, 48974, 14204, 43161, 24577, 9574, 19486, 27383, 44142]
INFO: 02-27 18:40:00: subset_backdoor_main.py:361 * 134703125358400 X_subset: (117, 10000), type: <class 'scipy.sparse.csr.csr_matrix'>
DEBUG: 02-27 18:40:00: subset_backdoor_main.py:356 * 137203028727616 subset_train_idxs first 20 (maybe < 20): [95901, 33099, 28323, 8347, 86333, 22894, 23761, 70677, 16651, 51239, 69073, 45430, 197, 83141, 51777, 67938, 81343, 47962, 41179, 79809]
DEBUG: 02-27 18:40:00: subset_backdoor_main.py:357 * 137203028727616 subset_test_idxs first 20 (maybe < 20): [21503, 3578, 26640, 28127, 43309, 16495, 23912, 33512, 11804, 31093, 40225, 45681, 43563, 24211, 46556, 30677, 270, 14353, 11312, 33775]
INFO: 02-27 18:40:00: subset_backdoor_main.py:361 * 137203028727616 X_subset: (192, 10000), type: <class 'scipy.sparse.csr.csr_matrix'>
DEBUG: 02-27 18:40:01: subset_backdoor_main.py:364 * 134703125358400 no. of samples of subset in training: 80, from testing: 37
DEBUG: 02-27 18:40:01: attrs.py:77 * 134703125358400 Creating converter from 3 to 5
DEBUG: 02-27 18:40:01: subset_backdoor_main.py:364 * 137203028727616 no. of samples of subset in training: 135, from testing: 57
DEBUG: 02-27 18:40:01: attrs.py:77 * 137203028727616 Creating converter from 3 to 5
DEBUG: 02-27 18:40:03: subset_backdoor_main.py:356 * 123734336812864 subset_train_idxs first 20 (maybe < 20): [53973, 54495, 84749, 26311, 85697, 94322, 2399, 82118, 13103, 59348, 38972, 80998, 35729, 6734, 9728, 1909, 82639, 77026, 63386, 25379]
DEBUG: 02-27 18:40:03: subset_backdoor_main.py:357 * 123734336812864 subset_test_idxs first 20 (maybe < 20): [48837, 18453, 9164, 29728, 16726, 40662, 48583, 8906, 10490, 14140, 13191, 27895, 32410, 26299, 29958, 30057, 36653, 42656, 18970, 24529]
INFO: 02-27 18:40:03: subset_backdoor_main.py:361 * 123734336812864 X_subset: (157, 10000), type: <class 'scipy.sparse.csr.csr_matrix'>
DEBUG: 02-27 18:40:03: subset_backdoor_main.py:364 * 123734336812864 no. of samples of subset in training: 101, from testing: 56
DEBUG: 02-27 18:40:03: attrs.py:77 * 123734336812864 Creating converter from 3 to 5
DEBUG: 02-27 18:40:06: subset_backdoor_main.py:356 * 139677577574208 subset_train_idxs first 20 (maybe < 20): [2792, 41932, 78863, 70592, 948, 79245, 25121, 69083, 36998, 96465, 80830, 36955, 61249, 40959, 34175, 35806, 7921, 70097, 97915, 36139]
DEBUG: 02-27 18:40:06: subset_backdoor_main.py:357 * 139677577574208 subset_test_idxs first 20 (maybe < 20): [13155, 29365, 35548, 27221, 46575, 44856, 29389, 1750, 8585, 48892, 12692, 47871, 48976, 2207, 17112, 13688, 48727, 49027, 19697, 15134]
INFO: 02-27 18:40:06: subset_backdoor_main.py:361 * 139677577574208 X_subset: (222, 10000), type: <class 'scipy.sparse.csr.csr_matrix'>
DEBUG: 02-27 18:40:06: subset_backdoor_main.py:364 * 139677577574208 no. of samples of subset in training: 152, from testing: 70
DEBUG: 02-27 18:40:06: attrs.py:77 * 139677577574208 Creating converter from 3 to 5
DEBUG: 02-27 18:40:07: models.py:242 * 132497233897280 Loading model from models/apg/mlp/mlp_10000-1024-1_lr0.001_b128_e30_d0.2_r42.p...
INFO: 02-27 18:40:09: subset_backdoor_main.py:450 * 132497233897280 X_train: (100187, 10000), X_test: (49347, 10000)
INFO: 02-27 18:40:09: subset_backdoor_main.py:451 * 132497233897280 y_train: (100187,), y_test: (49347,)
INFO: 02-27 18:40:09: subset_backdoor_main.py:452 * 132497233897280 y_train: Counter({0: 90288, 1: 9899}), y_test: Counter({0: 44471, 1: 4876})
INFO: 02-27 18:40:10: subset_backdoor_main.py:335 * 132497233897280 subset size: 1036
DEBUG: 02-27 18:40:10: subset_backdoor_main.py:336 * 132497233897280 subset_idx_array first 20: [ 351  489  759  902 1255 1259 1571 1610 1694 1867 2006 2161 2816 2953
 2969 3043 3100 3249 3797 3976]
INFO: 02-27 18:40:13: subset_backdoor_main.py:450 * 127326654977856 X_train: (100187, 10000), X_test: (49347, 10000)
INFO: 02-27 18:40:13: subset_backdoor_main.py:451 * 127326654977856 y_train: (100187,), y_test: (49347,)
INFO: 02-27 18:40:13: subset_backdoor_main.py:452 * 127326654977856 y_train: Counter({0: 90288, 1: 9899}), y_test: Counter({0: 44471, 1: 4876})
INFO: 02-27 18:40:14: subset_backdoor_main.py:335 * 127326654977856 subset size: 1036
DEBUG: 02-27 18:40:19: subset_backdoor_main.py:356 * 123330589980480 subset_train_idxs first 20 (maybe < 20): [89962, 2671, 96752, 35627, 30086, 71533, 76591, 49122, 27204, 81289, 41025, 8336, 85757, 9748, 51632, 70329, 68950, 5590, 21627, 12711]
DEBUG: 02-27 18:40:19: subset_backdoor_main.py:357 * 123330589980480 subset_test_idxs first 20 (maybe < 20): [43431, 41811, 45984, 4706, 28287, 45741, 34213, 20983, 31277, 16733, 19378, 14999, 27574, 29095, 3867, 25496, 19668, 1749, 24505, 26644]
INFO: 02-27 18:40:19: subset_backdoor_main.py:361 * 123330589980480 X_subset: (2897, 10000), type: <class 'scipy.sparse.csr.csr_matrix'>
DEBUG: 02-27 18:40:32: models.py:242 * 124347782666048 Loading model from models/apg/mlp/mlp_10000-1024-1_lr0.001_b128_e30_d0.2_r42.p...
INFO: 02-27 18:40:38: subset_backdoor_main.py:450 * 124347782666048 X_train: (100187, 10000), X_test: (49347, 10000)
INFO: 02-27 18:40:38: subset_backdoor_main.py:451 * 124347782666048 y_train: (100187,), y_test: (49347,)
INFO: 02-27 18:40:38: subset_backdoor_main.py:452 * 124347782666048 y_train: Counter({0: 90288, 1: 9899}), y_test: Counter({0: 44471, 1: 4876})
DEBUG: 02-27 18:40:39: models.py:242 * 139527157065536 Loading model from models/apg/mlp/mlp_10000-1024-1_lr0.001_b128_e30_d0.2_r42.p...
INFO: 02-27 18:40:41: subset_backdoor_main.py:335 * 124347782666048 subset size: 1036
DEBUG: 02-27 18:40:41: subset_backdoor_main.py:336 * 124347782666048 subset_idx_array first 20: [ 351  489  759  902 1255 1259 1571 1610 1694 1867 2006 2161 2816 2953
 2969 3043 3100 3249 3797 3976]
INFO: 02-27 18:40:47: subset_backdoor_main.py:450 * 139527157065536 X_train: (100187, 10000), X_test: (49347, 10000)
INFO: 02-27 18:40:47: subset_backdoor_main.py:451 * 139527157065536 y_train: (100187,), y_test: (49347,)
INFO: 02-27 18:40:47: subset_backdoor_main.py:452 * 139527157065536 y_train: Counter({0: 90288, 1: 9899}), y_test: Counter({0: 44471, 1: 4876})
INFO: 02-27 18:40:48: subset_backdoor_main.py:335 * 139527157065536 subset size: 40
DEBUG: 02-27 18:40:48: subset_backdoor_main.py:336 * 139527157065536 subset_idx_array first 20: [ 2913  5237 10052 12422 16635 18761 23742 32890 38273 38972 39265 40651
 40985 43633 57638 59955 62828 75997 76492 78880]
DEBUG: 02-27 18:40:49: subset_backdoor_main.py:364 * 123330589980480 no. of samples of subset in training: 1913, from testing: 984
DEBUG: 02-27 18:40:50: attrs.py:77 * 123330589980480 Creating converter from 3 to 5
DEBUG: 02-27 18:40:51: subset_backdoor_main.py:356 * 139527157065536 subset_train_idxs first 20 (maybe < 20): [53239, 31964, 81485, 86327, 78195, 90663, 47661, 97975, 6411, 28035, 88440, 66405, 72918, 93321, 88896, 15308, 39986, 30935, 38030, 50176]
DEBUG: 02-27 18:40:51: subset_backdoor_main.py:357 * 139527157065536 subset_test_idxs first 20 (maybe < 20): [4804, 42514, 35129, 41121]
INFO: 02-27 18:40:51: subset_backdoor_main.py:361 * 139527157065536 X_subset: (40, 10000), type: <class 'scipy.sparse.csr.csr_matrix'>
DEBUG: 02-27 18:40:51: subset_backdoor_main.py:364 * 139527157065536 no. of samples of subset in training: 36, from testing: 4
DEBUG: 02-27 18:40:51: attrs.py:77 * 139527157065536 Creating converter from 3 to 5
INFO: 02-27 18:41:04: subset_backdoor_main.py:361 * 127326654977856 X_subset: (1036, 10000), type: <class 'scipy.sparse.csr.csr_matrix'>
DEBUG: 02-27 18:41:05: subset_backdoor_main.py:356 * 132497233897280 subset_train_idxs first 20 (maybe < 20): [76808, 44143, 44686, 49519, 23985, 97118, 15869, 2166, 27395, 39498, 94302, 76723, 69818, 69020, 10042, 91723, 84180, 33241, 67398, 24075]
DEBUG: 02-27 18:41:05: subset_backdoor_main.py:357 * 132497233897280 subset_test_idxs first 20 (maybe < 20): [7580, 1010, 2613, 29465, 35119, 30266, 29413, 207, 7120, 29810, 33713, 15340, 47519, 37534, 45573, 44828, 39381, 10896, 7838, 11315]
INFO: 02-27 18:41:05: subset_backdoor_main.py:361 * 132497233897280 X_subset: (1036, 10000), type: <class 'scipy.sparse.csr.csr_matrix'>
DEBUG: 02-27 18:41:13: subset_backdoor_main.py:356 * 124347782666048 subset_train_idxs first 20 (maybe < 20): [76808, 44143, 44686, 49519, 23985, 97118, 15869, 2166, 27395, 39498, 94302, 76723, 69818, 69020, 10042, 91723, 84180, 33241, 67398, 24075]
DEBUG: 02-27 18:41:13: subset_backdoor_main.py:357 * 124347782666048 subset_test_idxs first 20 (maybe < 20): [7580, 1010, 2613, 29465, 35119, 30266, 29413, 207, 7120, 29810, 33713, 15340, 47519, 37534, 45573, 44828, 39381, 10896, 7838, 11315]
INFO: 02-27 18:41:13: subset_backdoor_main.py:361 * 124347782666048 X_subset: (1036, 10000), type: <class 'scipy.sparse.csr.csr_matrix'>
