Using TensorFlow backend.
WARNING:root:Running with configuration:
{'alter_retrain_full_training': 0,
 'attack_succ_threshold': 0.85,
 'benign_poison_ratio': 0.001,
 'classifier': 'mlp',
 'clean_ratio': 0.02,
 'convert_mask_to_binary': 0,
 'dataset': 'apg',
 'debug': False,
 'delta_size': 30,
 'device': '0',
 'lambda_1': 0.001,
 'limited_data': 1.0,
 'mask_expand_type': 0,
 'mask_optim_step': 30,
 'mask_size_upperbound': 0,
 'max_iter': 40,
 'mlp_batch_size': 128,
 'mlp_dropout': 0.2,
 'mlp_epochs': 30,
 'mlp_hidden': '1024',
 'mlp_lr': 0.001,
 'mntd_half_training': 0,
 'num_of_train_batches': 5,
 'num_triggers': 1,
 'param_v': 1.0,
 'poison_mal_benign_rate': 0.0,
 'random_state': 42,
 'realizable_only': 0,
 'remain_benign_rate': 1.0,
 'setting': 'feature-space-attack',
 'subset_benign_rate': 5.0,
 'subset_family': 'airpush',
 'use_last_weight': 1}
INFO: 02-27 18:40:13: subset_backdoor_main.py:450 * 127326654977856 X_train: (100187, 10000), X_test: (49347, 10000)
INFO: 02-27 18:40:13: subset_backdoor_main.py:451 * 127326654977856 y_train: (100187,), y_test: (49347,)
INFO: 02-27 18:40:13: subset_backdoor_main.py:452 * 127326654977856 y_train: Counter({0: 90288, 1: 9899}), y_test: Counter({0: 44471, 1: 4876})
INFO: 02-27 18:40:14: subset_backdoor_main.py:335 * 127326654977856 subset size: 1036
INFO: 02-27 18:41:04: subset_backdoor_main.py:361 * 127326654977856 X_subset: (1036, 10000), type: <class 'scipy.sparse.csr.csr_matrix'>
