Using TensorFlow backend.
WARNING:root:Running with configuration:
{'alter_retrain_full_training': 0,
 'attack_succ_threshold': 0.85,
 'benign_poison_ratio': 0.001,
 'classifier': 'mlp',
 'clean_ratio': 0.02,
 'convert_mask_to_binary': 0,
 'dataset': 'apg',
 'debug': True,
 'delta_size': 30,
 'device': '0',
 'lambda_1': 0.001,
 'limited_data': 1.0,
 'mask_expand_type': 0,
 'mask_optim_step': 30,
 'mask_size_upperbound': 0,
 'max_iter': 40,
 'mlp_batch_size': 128,
 'mlp_dropout': 0.2,
 'mlp_epochs': 30,
 'mlp_hidden': '1024',
 'mlp_lr': 0.001,
 'mntd_half_training': 0,
 'num_of_train_batches': 5,
 'num_triggers': 1,
 'param_v': 1.0,
 'poison_mal_benign_rate': 0.0,
 'random_state': 42,
 'realizable_only': 0,
 'remain_benign_rate': 1.0,
 'setting': '',
 'subset_benign_rate': 5.0,
 'subset_family': 'airpush',
 'use_last_weight': 1}
DEBUG: 02-27 18:40:32: models.py:242 * 124347782666048 Loading model from models/apg/mlp/mlp_10000-1024-1_lr0.001_b128_e30_d0.2_r42.p...
INFO: 02-27 18:40:38: subset_backdoor_main.py:450 * 124347782666048 X_train: (100187, 10000), X_test: (49347, 10000)
INFO: 02-27 18:40:38: subset_backdoor_main.py:451 * 124347782666048 y_train: (100187,), y_test: (49347,)
INFO: 02-27 18:40:38: subset_backdoor_main.py:452 * 124347782666048 y_train: Counter({0: 90288, 1: 9899}), y_test: Counter({0: 44471, 1: 4876})
INFO: 02-27 18:40:41: subset_backdoor_main.py:335 * 124347782666048 subset size: 1036
DEBUG: 02-27 18:40:41: subset_backdoor_main.py:336 * 124347782666048 subset_idx_array first 20: [ 351  489  759  902 1255 1259 1571 1610 1694 1867 2006 2161 2816 2953
 2969 3043 3100 3249 3797 3976]
DEBUG: 02-27 18:41:13: subset_backdoor_main.py:356 * 124347782666048 subset_train_idxs first 20 (maybe < 20): [76808, 44143, 44686, 49519, 23985, 97118, 15869, 2166, 27395, 39498, 94302, 76723, 69818, 69020, 10042, 91723, 84180, 33241, 67398, 24075]
DEBUG: 02-27 18:41:13: subset_backdoor_main.py:357 * 124347782666048 subset_test_idxs first 20 (maybe < 20): [7580, 1010, 2613, 29465, 35119, 30266, 29413, 207, 7120, 29810, 33713, 15340, 47519, 37534, 45573, 44828, 39381, 10896, 7838, 11315]
INFO: 02-27 18:41:13: subset_backdoor_main.py:361 * 124347782666048 X_subset: (1036, 10000), type: <class 'scipy.sparse.csr.csr_matrix'>
